<?xml version="1.0" encoding="UTF-8"?>
<!-- Generated by org.testng.reporters.JUnitReportReporter -->
<testsuite hostname="NikhilGowdas-PC" failures="0" tests="3" name="seleniumByNikhil.Testcases.TestNgintigratedToExcelThrowDataProvider" time="0.016" errors="0" timestamp="2022-10-25T00:51:40 IST" skipped="0">
  <testcase classname="seleniumByNikhil.Testcases.TestNgintigratedToExcelThrowDataProvider" name="GetExcelDat" time="0.010"/>
  <system-out/>
  <testcase classname="seleniumByNikhil.Testcases.TestNgintigratedToExcelThrowDataProvider" name="GetExcelDat" time="0.003"/>
  <system-out/>
  <testcase classname="seleniumByNikhil.Testcases.TestNgintigratedToExcelThrowDataProvider" name="GetExcelDat" time="0.003"/>
  <system-out/>
</testsuite> <!-- seleniumByNikhil.Testcases.TestNgintigratedToExcelThrowDataProvider -->
