<?xml version="1.0" encoding="UTF-8"?>
<!-- Generated by org.testng.reporters.JUnitReportReporter -->
<testsuite hostname="NikhilGowdas-PC" failures="0" tests="1" name="seleniumByNikhil.Testcases.dataDrivenExcelTestcase" time="32.626" errors="0" timestamp="2022-12-25T00:15:57 IST" skipped="0">
  <testcase classname="seleniumByNikhil.Testcases.dataDrivenExcelTestcase" name="instaLogin" time="32.626"/>
  <system-out/>
</testsuite> <!-- seleniumByNikhil.Testcases.dataDrivenExcelTestcase -->
