<?xml version="1.0" encoding="UTF-8"?>
<!-- Generated by org.testng.reporters.JUnitReportReporter -->
<testsuite hostname="NikhilGowdas-PC" failures="0" tests="3" name="seleniumByNikhil.Testcases.endToEndTestcase" time="108.298" errors="0" timestamp="2022-12-24T19:04:49 IST" skipped="0">
  <testcase classname="seleniumByNikhil.Testcases.endToEndTestcase" name="productorder" time="52.459"/>
  <system-out/>
  <testcase classname="seleniumByNikhil.Testcases.endToEndTestcase" name="productorder" time="35.369"/>
  <system-out/>
  <testcase classname="seleniumByNikhil.Testcases.endToEndTestcase" name="orderhistry" time="20.470"/>
  <system-out/>
</testsuite> <!-- seleniumByNikhil.Testcases.endToEndTestcase -->
