<?xml version="1.0" encoding="UTF-8"?>
<!-- Generated by org.testng.reporters.JUnitReportReporter -->
<testsuite hostname="NikhilGowdas-PC" failures="0" tests="3" name="seleniumByNikhil.Testcases.TestNgintigratedToExcelThrowDataProvider" time="0.026" errors="0" timestamp="2022-12-24T23:21:09 IST" skipped="0">
  <testcase classname="seleniumByNikhil.Testcases.TestNgintigratedToExcelThrowDataProvider" name="GetExcelDat" time="0.006"/>
  <system-out/>
  <testcase classname="seleniumByNikhil.Testcases.TestNgintigratedToExcelThrowDataProvider" name="GetExcelDat" time="0.003"/>
  <system-out/>
  <testcase classname="seleniumByNikhil.Testcases.TestNgintigratedToExcelThrowDataProvider" name="GetExcelDat" time="0.017"/>
  <system-out/>
</testsuite> <!-- seleniumByNikhil.Testcases.TestNgintigratedToExcelThrowDataProvider -->
