<?xml version="1.0" encoding="UTF-8"?>
<!-- Generated by org.testng.reporters.JUnitReportReporter -->
<testsuite hostname="NikhilGowdas-PC" failures="0" tests="3" name="seleniumByNikhil.Testcases.errorValidationTest" time="47.687" errors="0" timestamp="2022-12-27T01:15:05 IST" skipped="0">
  <testcase classname="seleniumByNikhil.Testcases.errorValidationTest" name="addtocarterrorvalidation" time="25.923"/>
  <system-out/>
  <testcase classname="seleniumByNikhil.Testcases.errorValidationTest" name="loginpageerrorvalidation" time="7.939"/>
  <system-out/>
  <testcase classname="seleniumByNikhil.Testcases.errorValidationTest" name="addtocarterrorvalidation" time="13.825"/>
  <system-out/>
</testsuite> <!-- seleniumByNikhil.Testcases.errorValidationTest -->
