<?xml version="1.0" encoding="UTF-8"?>
<!-- Generated by org.testng.reporters.JUnitReportReporter -->
<testsuite hostname="NikhilGowdas-PC" failures="0" tests="1" name="seleniumByNikhil.Testcases.Dummy" time="77.385" errors="0" timestamp="2022-12-23T14:30:23 IST" skipped="0">
  <testcase classname="seleniumByNikhil.Testcases.Dummy" name="main" time="77.385"/>
  <system-out/>
</testsuite> <!-- seleniumByNikhil.Testcases.Dummy -->
