<?xml version="1.0" encoding="UTF-8"?>
<!-- Generated by org.testng.reporters.JUnitReportReporter -->
<testsuite hostname="NikhilGowdas-PC" failures="0" tests="2" name="seleniumByNikhil.Testcases.endToEndTestcase" time="109.452" errors="0" timestamp="2022-11-14T23:09:23 IST" skipped="0">
  <testcase classname="seleniumByNikhil.Testcases.endToEndTestcase" name="productorder" time="66.703"/>
  <system-out/>
  <testcase classname="seleniumByNikhil.Testcases.endToEndTestcase" name="productorder" time="42.749"/>
  <system-out/>
</testsuite> <!-- seleniumByNikhil.Testcases.endToEndTestcase -->
