<?xml version="1.0" encoding="UTF-8"?>
<!-- Generated by org.testng.reporters.JUnitReportReporter -->
<testsuite hostname="NikhilGowdas-PC" failures="0" tests="1" name="seleniumByNikhil.Testcases.dataDrivenExcelTestcase" time="79.731" errors="0" timestamp="2022-10-25T00:48:04 IST" skipped="0">
  <testcase classname="seleniumByNikhil.Testcases.dataDrivenExcelTestcase" name="instaLogin" time="79.731"/>
  <system-out/>
</testsuite> <!-- seleniumByNikhil.Testcases.dataDrivenExcelTestcase -->
